#-----------------------------------------------------------
# Vivado v2019.2 (64-bit)
# SW Build 2708876 on Wed Nov  6 21:39:14 MST 2019
# IP Build 2700528 on Thu Nov  7 00:09:20 MST 2019
# Start of session at: Mon Aug 17 02:14:25 2020
# Process ID: 21409
# Current directory: /home/caohy/work/Kalman/vivado
# Command line: vivado
# Log file: /home/caohy/work/Kalman/vivado/vivado.log
# Journal file: /home/caohy/work/Kalman/vivado/vivado.jou
#-----------------------------------------------------------
start_gui
create_project KalmanIPExample /home/caohy/work/Kalman/vivado/KalmanIPExample -part xcku040-ffva1156-2-e
INFO: [IP_Flow 19-234] Refreshing IP repositories
INFO: [IP_Flow 19-1704] No user IP repositories specified
INFO: [IP_Flow 19-2313] Loaded Vivado IP repository '/tools/Xilinx/Vivado/2019.2/data/ip'.
set_property board_part xilinx.com:kcu105:part0:1.6 [current_project]
WARNING: [IP_Flow 19-3899] Cannot get the environment domain name variable for the component vendor name. Setting the vendor name to 'user.org'.
set_property  ip_repo_paths  /home/caohy/work/Kalman/vivado_hls/KalmanFilter/KalmanHls/KalmanHls/solution2/impl/ip [current_project]
update_ip_catalog
INFO: [IP_Flow 19-234] Refreshing IP repositories
INFO: [IP_Flow 19-1700] Loaded user IP repository '/home/caohy/work/Kalman/vivado_hls/KalmanFilter/KalmanHls/KalmanHls/solution2/impl/ip'.
WARNING: [IP_Flow 19-3899] Cannot get the environment domain name variable for the component vendor name. Setting the vendor name to 'user.org'.
WARNING: [IP_Flow 19-3899] Cannot get the environment domain name variable for the component vendor name. Setting the vendor name to 'user.org'.
WARNING: [IP_Flow 19-3899] Cannot get the environment domain name variable for the component vendor name. Setting the vendor name to 'user.org'.
create_bd_design "KalmanIPExample"
Wrote  : </home/caohy/work/Kalman/vivado/KalmanIPExample/KalmanIPExample.srcs/sources_1/bd/KalmanIPExample/KalmanIPExample.bd> 
create_bd_design: Time (s): cpu = 00:00:06 ; elapsed = 00:00:05 . Memory (MB): peak = 6888.469 ; gain = 33.531 ; free physical = 52124 ; free virtual = 59837
update_compile_order -fileset sources_1
startgroup
create_bd_cell -type ip -vlnv htgd_thz:hls:CarrierTracking:1.0 CarrierTracking_0
endgroup
export_ip_user_files -of_objects  [get_files /home/caohy/work/Kalman/vivado/KalmanIPExample/KalmanIPExample.srcs/sources_1/bd/KalmanIPExample/KalmanIPExample.bd] -no_script -reset -force -quiet
remove_files  /home/caohy/work/Kalman/vivado/KalmanIPExample/KalmanIPExample.srcs/sources_1/bd/KalmanIPExample/KalmanIPExample.bd
Wrote  : </home/caohy/work/Kalman/vivado/KalmanIPExample/KalmanIPExample.srcs/sources_1/bd/KalmanIPExample/ui/bd_fb1269ff.ui> 
file mkdir /home/caohy/work/Kalman/vivado/KalmanIPExample/KalmanIPExample.srcs/sources_1/new
close [ open /home/caohy/work/Kalman/vivado/KalmanIPExample/KalmanIPExample.srcs/sources_1/new/KalmanIPExample.sv w ]
add_files /home/caohy/work/Kalman/vivado/KalmanIPExample/KalmanIPExample.srcs/sources_1/new/KalmanIPExample.sv
create_ip -name CarrierTracking -vendor htgd_thz -library hls -version 1.0 -module_name CarrierTracking_0
generate_target {instantiation_template} [get_files /home/caohy/work/Kalman/vivado/KalmanIPExample/KalmanIPExample.srcs/sources_1/ip/CarrierTracking_0/CarrierTracking_0.xci]
INFO: [IP_Flow 19-1686] Generating 'Instantiation Template' target for IP 'CarrierTracking_0'...
update_compile_order -fileset sources_1
generate_target all [get_files  /home/caohy/work/Kalman/vivado/KalmanIPExample/KalmanIPExample.srcs/sources_1/ip/CarrierTracking_0/CarrierTracking_0.xci]
INFO: [IP_Flow 19-1686] Generating 'Synthesis' target for IP 'CarrierTracking_0'...
INFO: [IP_Flow 19-1686] Generating 'Simulation' target for IP 'CarrierTracking_0'...
WARNING: [IP_Flow 19-519] IP 'CarrierTracking_0' detected a language mismatch between 'VHDL Simulation Wrapper' and 'Verilog Simulation' output products. Please check with the IP provider to see if this is expected.
INFO: [IP_Flow 19-1686] Generating 'Miscellaneous' target for IP 'CarrierTracking_0'...
catch { config_ip_cache -export [get_ips -all CarrierTracking_0] }
export_ip_user_files -of_objects [get_files /home/caohy/work/Kalman/vivado/KalmanIPExample/KalmanIPExample.srcs/sources_1/ip/CarrierTracking_0/CarrierTracking_0.xci] -no_script -sync -force -quiet
create_ip_run [get_files -of_objects [get_fileset sources_1] /home/caohy/work/Kalman/vivado/KalmanIPExample/KalmanIPExample.srcs/sources_1/ip/CarrierTracking_0/CarrierTracking_0.xci]
launch_runs -jobs 16 CarrierTracking_0_synth_1
[Mon Aug 17 02:41:49 2020] Launched CarrierTracking_0_synth_1...
Run output will be captured here: /home/caohy/work/Kalman/vivado/KalmanIPExample/KalmanIPExample.runs/CarrierTracking_0_synth_1/runme.log
export_simulation -of_objects [get_files /home/caohy/work/Kalman/vivado/KalmanIPExample/KalmanIPExample.srcs/sources_1/ip/CarrierTracking_0/CarrierTracking_0.xci] -directory /home/caohy/work/Kalman/vivado/KalmanIPExample/KalmanIPExample.ip_user_files/sim_scripts -ip_user_files_dir /home/caohy/work/Kalman/vivado/KalmanIPExample/KalmanIPExample.ip_user_files -ipstatic_source_dir /home/caohy/work/Kalman/vivado/KalmanIPExample/KalmanIPExample.ip_user_files/ipstatic -lib_map_path [list {modelsim=/home/caohy/work/Kalman/vivado/KalmanIPExample/KalmanIPExample.cache/compile_simlib/modelsim} {questa=/home/caohy/work/Kalman/vivado/KalmanIPExample/KalmanIPExample.cache/compile_simlib/questa} {ies=/home/caohy/work/Kalman/vivado/KalmanIPExample/KalmanIPExample.cache/compile_simlib/ies} {xcelium=/home/caohy/work/Kalman/vivado/KalmanIPExample/KalmanIPExample.cache/compile_simlib/xcelium} {vcs=/home/caohy/work/Kalman/vivado/KalmanIPExample/KalmanIPExample.cache/compile_simlib/vcs} {riviera=/home/caohy/work/Kalman/vivado/KalmanIPExample/KalmanIPExample.cache/compile_simlib/riviera}] -use_ip_compiled_libs -force -quiet
file mkdir /home/caohy/work/Kalman/vivado/KalmanIPExample/KalmanIPExample.srcs/constrs_1
file mkdir /home/caohy/work/Kalman/vivado/KalmanIPExample/KalmanIPExample.srcs/constrs_1/new
close [ open /home/caohy/work/Kalman/vivado/KalmanIPExample/KalmanIPExample.srcs/constrs_1/new/KalmanIPeXAPLE.xdc w ]
add_files -fileset constrs_1 /home/caohy/work/Kalman/vivado/KalmanIPExample/KalmanIPExample.srcs/constrs_1/new/KalmanIPeXAPLE.xdc
false
create_ip -name clk_wiz -vendor xilinx.com -library ip -version 6.0 -module_name clk_wiz_0
set_property -dict [list CONFIG.CLK_IN1_BOARD_INTERFACE {sysclk_125} CONFIG.CLK_IN2_BOARD_INTERFACE {Custom} CONFIG.USE_INCLK_SWITCHOVER {false} CONFIG.PRIM_SOURCE {Differential_clock_capable_pin} CONFIG.PRIM_IN_FREQ {125.000} CONFIG.SECONDARY_SOURCE {Single_ended_clock_capable_pin} CONFIG.SECONDARY_IN_FREQ {300.000} CONFIG.CLKIN1_JITTER_PS {80.0} CONFIG.CLKIN2_JITTER_PS {133.33} CONFIG.MMCM_CLKFBOUT_MULT_F {8.000} CONFIG.MMCM_CLKIN1_PERIOD {8.000} CONFIG.MMCM_CLKIN2_PERIOD {3.333} CONFIG.CLKOUT1_JITTER {124.615} CONFIG.CLKOUT1_PHASE_ERROR {96.948}] [get_ips clk_wiz_0]
WARNING: [IP_Flow 19-3374] An attempt to modify the value of disabled parameter 'SECONDARY_IN_FREQ' from '100.000' to '300.000' has been ignored for IP 'clk_wiz_0'
WARNING: [IP_Flow 19-3374] An attempt to modify the value of disabled parameter 'MMCM_CLKIN2_PERIOD' from '10.000' to '3.333' has been ignored for IP 'clk_wiz_0'
generate_target {instantiation_template} [get_files /home/caohy/work/Kalman/vivado/KalmanIPExample/KalmanIPExample.srcs/sources_1/ip/clk_wiz_0/clk_wiz_0.xci]
INFO: [IP_Flow 19-1686] Generating 'Instantiation Template' target for IP 'clk_wiz_0'...
generate_target all [get_files  /home/caohy/work/Kalman/vivado/KalmanIPExample/KalmanIPExample.srcs/sources_1/ip/clk_wiz_0/clk_wiz_0.xci]
INFO: [IP_Flow 19-1686] Generating 'Synthesis' target for IP 'clk_wiz_0'...
INFO: [IP_Flow 19-1686] Generating 'Simulation' target for IP 'clk_wiz_0'...
INFO: [IP_Flow 19-1686] Generating 'Implementation' target for IP 'clk_wiz_0'...
INFO: [IP_Flow 19-1686] Generating 'Change Log' target for IP 'clk_wiz_0'...
catch { config_ip_cache -export [get_ips -all clk_wiz_0] }
export_ip_user_files -of_objects [get_files /home/caohy/work/Kalman/vivado/KalmanIPExample/KalmanIPExample.srcs/sources_1/ip/clk_wiz_0/clk_wiz_0.xci] -no_script -sync -force -quiet
create_ip_run [get_files -of_objects [get_fileset sources_1] /home/caohy/work/Kalman/vivado/KalmanIPExample/KalmanIPExample.srcs/sources_1/ip/clk_wiz_0/clk_wiz_0.xci]
create_ip_run: Time (s): cpu = 00:00:39 ; elapsed = 00:00:43 . Memory (MB): peak = 7949.000 ; gain = 72.027 ; free physical = 49764 ; free virtual = 57856
launch_runs -jobs 16 clk_wiz_0_synth_1
[Mon Aug 17 03:24:51 2020] Launched clk_wiz_0_synth_1...
Run output will be captured here: /home/caohy/work/Kalman/vivado/KalmanIPExample/KalmanIPExample.runs/clk_wiz_0_synth_1/runme.log
export_simulation -of_objects [get_files /home/caohy/work/Kalman/vivado/KalmanIPExample/KalmanIPExample.srcs/sources_1/ip/clk_wiz_0/clk_wiz_0.xci] -directory /home/caohy/work/Kalman/vivado/KalmanIPExample/KalmanIPExample.ip_user_files/sim_scripts -ip_user_files_dir /home/caohy/work/Kalman/vivado/KalmanIPExample/KalmanIPExample.ip_user_files -ipstatic_source_dir /home/caohy/work/Kalman/vivado/KalmanIPExample/KalmanIPExample.ip_user_files/ipstatic -lib_map_path [list {modelsim=/home/caohy/work/Kalman/vivado/KalmanIPExample/KalmanIPExample.cache/compile_simlib/modelsim} {questa=/home/caohy/work/Kalman/vivado/KalmanIPExample/KalmanIPExample.cache/compile_simlib/questa} {ies=/home/caohy/work/Kalman/vivado/KalmanIPExample/KalmanIPExample.cache/compile_simlib/ies} {xcelium=/home/caohy/work/Kalman/vivado/KalmanIPExample/KalmanIPExample.cache/compile_simlib/xcelium} {vcs=/home/caohy/work/Kalman/vivado/KalmanIPExample/KalmanIPExample.cache/compile_simlib/vcs} {riviera=/home/caohy/work/Kalman/vivado/KalmanIPExample/KalmanIPExample.cache/compile_simlib/riviera}] -use_ip_compiled_libs -force -quiet
set_property -dict [list CONFIG.CLK_IN1_BOARD_INTERFACE {Custom} CONFIG.PRIM_SOURCE {Single_ended_clock_capable_pin}] [get_ips clk_wiz_0]
generate_target all [get_files  /home/caohy/work/Kalman/vivado/KalmanIPExample/KalmanIPExample.srcs/sources_1/ip/clk_wiz_0/clk_wiz_0.xci]
INFO: [IP_Flow 19-1686] Generating 'Instantiation Template' target for IP 'clk_wiz_0'...
INFO: [IP_Flow 19-1686] Generating 'Synthesis' target for IP 'clk_wiz_0'...
INFO: [IP_Flow 19-1686] Generating 'Simulation' target for IP 'clk_wiz_0'...
INFO: [IP_Flow 19-1686] Generating 'Implementation' target for IP 'clk_wiz_0'...
INFO: [IP_Flow 19-1686] Generating 'Change Log' target for IP 'clk_wiz_0'...
catch { config_ip_cache -export [get_ips -all clk_wiz_0] }
export_ip_user_files -of_objects [get_files /home/caohy/work/Kalman/vivado/KalmanIPExample/KalmanIPExample.srcs/sources_1/ip/clk_wiz_0/clk_wiz_0.xci] -no_script -sync -force -quiet
reset_run clk_wiz_0_synth_1
launch_runs -jobs 16 clk_wiz_0_synth_1
[Mon Aug 17 03:26:16 2020] Launched clk_wiz_0_synth_1...
Run output will be captured here: /home/caohy/work/Kalman/vivado/KalmanIPExample/KalmanIPExample.runs/clk_wiz_0_synth_1/runme.log
export_simulation -of_objects [get_files /home/caohy/work/Kalman/vivado/KalmanIPExample/KalmanIPExample.srcs/sources_1/ip/clk_wiz_0/clk_wiz_0.xci] -directory /home/caohy/work/Kalman/vivado/KalmanIPExample/KalmanIPExample.ip_user_files/sim_scripts -ip_user_files_dir /home/caohy/work/Kalman/vivado/KalmanIPExample/KalmanIPExample.ip_user_files -ipstatic_source_dir /home/caohy/work/Kalman/vivado/KalmanIPExample/KalmanIPExample.ip_user_files/ipstatic -lib_map_path [list {modelsim=/home/caohy/work/Kalman/vivado/KalmanIPExample/KalmanIPExample.cache/compile_simlib/modelsim} {questa=/home/caohy/work/Kalman/vivado/KalmanIPExample/KalmanIPExample.cache/compile_simlib/questa} {ies=/home/caohy/work/Kalman/vivado/KalmanIPExample/KalmanIPExample.cache/compile_simlib/ies} {xcelium=/home/caohy/work/Kalman/vivado/KalmanIPExample/KalmanIPExample.cache/compile_simlib/xcelium} {vcs=/home/caohy/work/Kalman/vivado/KalmanIPExample/KalmanIPExample.cache/compile_simlib/vcs} {riviera=/home/caohy/work/Kalman/vivado/KalmanIPExample/KalmanIPExample.cache/compile_simlib/riviera}] -use_ip_compiled_libs -force -quiet
set_property -dict [list CONFIG.PRIM_SOURCE {Differential_clock_capable_pin}] [get_ips clk_wiz_0]
generate_target all [get_files  /home/caohy/work/Kalman/vivado/KalmanIPExample/KalmanIPExample.srcs/sources_1/ip/clk_wiz_0/clk_wiz_0.xci]
INFO: [IP_Flow 19-1686] Generating 'Instantiation Template' target for IP 'clk_wiz_0'...
INFO: [IP_Flow 19-1686] Generating 'Synthesis' target for IP 'clk_wiz_0'...
INFO: [IP_Flow 19-1686] Generating 'Simulation' target for IP 'clk_wiz_0'...
INFO: [IP_Flow 19-1686] Generating 'Implementation' target for IP 'clk_wiz_0'...
INFO: [IP_Flow 19-1686] Generating 'Change Log' target for IP 'clk_wiz_0'...
catch { config_ip_cache -export [get_ips -all clk_wiz_0] }
export_ip_user_files -of_objects [get_files /home/caohy/work/Kalman/vivado/KalmanIPExample/KalmanIPExample.srcs/sources_1/ip/clk_wiz_0/clk_wiz_0.xci] -no_script -sync -force -quiet
reset_run clk_wiz_0_synth_1
launch_runs -jobs 16 clk_wiz_0_synth_1
[Mon Aug 17 03:30:42 2020] Launched clk_wiz_0_synth_1...
Run output will be captured here: /home/caohy/work/Kalman/vivado/KalmanIPExample/KalmanIPExample.runs/clk_wiz_0_synth_1/runme.log
export_simulation -of_objects [get_files /home/caohy/work/Kalman/vivado/KalmanIPExample/KalmanIPExample.srcs/sources_1/ip/clk_wiz_0/clk_wiz_0.xci] -directory /home/caohy/work/Kalman/vivado/KalmanIPExample/KalmanIPExample.ip_user_files/sim_scripts -ip_user_files_dir /home/caohy/work/Kalman/vivado/KalmanIPExample/KalmanIPExample.ip_user_files -ipstatic_source_dir /home/caohy/work/Kalman/vivado/KalmanIPExample/KalmanIPExample.ip_user_files/ipstatic -lib_map_path [list {modelsim=/home/caohy/work/Kalman/vivado/KalmanIPExample/KalmanIPExample.cache/compile_simlib/modelsim} {questa=/home/caohy/work/Kalman/vivado/KalmanIPExample/KalmanIPExample.cache/compile_simlib/questa} {ies=/home/caohy/work/Kalman/vivado/KalmanIPExample/KalmanIPExample.cache/compile_simlib/ies} {xcelium=/home/caohy/work/Kalman/vivado/KalmanIPExample/KalmanIPExample.cache/compile_simlib/xcelium} {vcs=/home/caohy/work/Kalman/vivado/KalmanIPExample/KalmanIPExample.cache/compile_simlib/vcs} {riviera=/home/caohy/work/Kalman/vivado/KalmanIPExample/KalmanIPExample.cache/compile_simlib/riviera}] -use_ip_compiled_libs -force -quiet
set_param general.maxthreads 32
32
launch_runs impl_1 -to_step write_bitstream -jobs 16
[Mon Aug 17 03:34:57 2020] Launched synth_1...
Run output will be captured here: /home/caohy/work/Kalman/vivado/KalmanIPExample/KalmanIPExample.runs/synth_1/runme.log
[Mon Aug 17 03:34:57 2020] Launched impl_1...
Run output will be captured here: /home/caohy/work/Kalman/vivado/KalmanIPExample/KalmanIPExample.runs/impl_1/runme.log
open_run impl_1
INFO: [Device 21-403] Loading part xcku040-ffva1156-2-e
Netlist sorting complete. Time (s): cpu = 00:00:00.01 ; elapsed = 00:00:00.01 . Memory (MB): peak = 8210.543 ; gain = 0.000 ; free physical = 49510 ; free virtual = 57632
INFO: [Netlist 29-17] Analyzing 20 Unisim elements for replacement
INFO: [Netlist 29-28] Unisim Transformation completed in 0 CPU seconds
INFO: [Project 1-479] Netlist was created with Vivado 2019.2
INFO: [Project 1-570] Preparing netlist for logic optimization
INFO: [Timing 38-478] Restoring timing data from binary archive.
INFO: [Timing 38-479] Binary timing data restore complete.
INFO: [Project 1-856] Restoring constraints from binary archive.
INFO: [Constraints 18-5170] The checkpoint was created with non-default parameter values which do not match the current Vivado settings.  Mismatching parameters are:
  general.maxThreads
INFO: [Project 1-853] Binary constraint restore complete.
Reading XDEF placement.
Reading placer database...
Reading XDEF routing.
Read XDEF File: Time (s): cpu = 00:00:00.06 ; elapsed = 00:00:00.05 . Memory (MB): peak = 8624.914 ; gain = 16.879 ; free physical = 49254 ; free virtual = 57376
Restored from archive | CPU: 0.060000 secs | Memory: 0.549622 MB |
Finished XDEF File Restore: Time (s): cpu = 00:00:00.06 ; elapsed = 00:00:00.05 . Memory (MB): peak = 8624.914 ; gain = 16.879 ; free physical = 49254 ; free virtual = 57376
Netlist sorting complete. Time (s): cpu = 00:00:00 ; elapsed = 00:00:00 . Memory (MB): peak = 8624.914 ; gain = 0.000 ; free physical = 49254 ; free virtual = 57376
INFO: [Project 1-111] Unisim Transformation Summary:
  A total of 11 instances were transformed.
  IBUF => IBUF (IBUFCTRL, INBUF): 10 instances
  IBUFDS => IBUFDS (DIFFINBUF, IBUFCTRL): 1 instance 

open_run: Time (s): cpu = 00:00:24 ; elapsed = 00:00:17 . Memory (MB): peak = 9132.148 ; gain = 999.191 ; free physical = 49104 ; free virtual = 57228
report_timing_summary -delay_type min_max -report_unconstrained -check_timing_verbose -max_paths 10 -input_pins -routable_nets -name timing_1
INFO: [Timing 38-91] UpdateTimingParams: Speed grade: -2, Temperature grade: E, Delay Type: min_max.
INFO: [Timing 38-191] Multithreading enabled for timing update using a maximum of 16 CPUs
report_power -name {power_1}
Command: report_power -name power_1
Running Vector-less Activity Propagation...

Finished Running Vector-less Activity Propagation
0 Infos, 0 Warnings, 0 Critical Warnings and 0 Errors encountered.
report_power completed successfully
open_run synth_1 -name synth_1
Design is defaulting to impl run constrset: constrs_1
Design is defaulting to synth run part: xcku040-ffva1156-2-e
INFO: [Project 1-454] Reading design checkpoint '/home/caohy/work/Kalman/vivado/KalmanIPExample/KalmanIPExample.srcs/sources_1/ip/CarrierTracking_0/CarrierTracking_0.dcp' for cell 'CarrierTracking'
INFO: [Project 1-454] Reading design checkpoint '/home/caohy/work/Kalman/vivado/KalmanIPExample/KalmanIPExample.srcs/sources_1/ip/clk_wiz_0/clk_wiz_0.dcp' for cell 'clk_wiz_0'
Netlist sorting complete. Time (s): cpu = 00:00:01 ; elapsed = 00:00:00.96 . Memory (MB): peak = 9918.238 ; gain = 0.000 ; free physical = 48528 ; free virtual = 56653
INFO: [Netlist 29-17] Analyzing 2174 Unisim elements for replacement
INFO: [Netlist 29-28] Unisim Transformation completed in 0 CPU seconds
INFO: [Project 1-479] Netlist was created with Vivado 2019.2
INFO: [Project 1-570] Preparing netlist for logic optimization
Parsing XDC File [/home/caohy/work/Kalman/vivado/KalmanIPExample/KalmanIPExample.srcs/sources_1/ip/clk_wiz_0/clk_wiz_0_board.xdc] for cell 'clk_wiz_0/inst'
Finished Parsing XDC File [/home/caohy/work/Kalman/vivado/KalmanIPExample/KalmanIPExample.srcs/sources_1/ip/clk_wiz_0/clk_wiz_0_board.xdc] for cell 'clk_wiz_0/inst'
Parsing XDC File [/home/caohy/work/Kalman/vivado/KalmanIPExample/KalmanIPExample.srcs/sources_1/ip/clk_wiz_0/clk_wiz_0.xdc] for cell 'clk_wiz_0/inst'
INFO: [Timing 38-35] Done setting XDC timing constraints. [/home/caohy/work/Kalman/vivado/KalmanIPExample/KalmanIPExample.srcs/sources_1/ip/clk_wiz_0/clk_wiz_0.xdc:57]
INFO: [Timing 38-2] Deriving generated clocks [/home/caohy/work/Kalman/vivado/KalmanIPExample/KalmanIPExample.srcs/sources_1/ip/clk_wiz_0/clk_wiz_0.xdc:57]
Finished Parsing XDC File [/home/caohy/work/Kalman/vivado/KalmanIPExample/KalmanIPExample.srcs/sources_1/ip/clk_wiz_0/clk_wiz_0.xdc] for cell 'clk_wiz_0/inst'
Parsing XDC File [/home/caohy/work/Kalman/vivado/KalmanIPExample/KalmanIPExample.srcs/constrs_1/new/KalmanIPeXAPLE.xdc]
Finished Parsing XDC File [/home/caohy/work/Kalman/vivado/KalmanIPExample/KalmanIPExample.srcs/constrs_1/new/KalmanIPeXAPLE.xdc]
INFO: [Opt 31-138] Pushed 0 inverter(s) to 0 load pin(s).
Netlist sorting complete. Time (s): cpu = 00:00:00.01 ; elapsed = 00:00:00.01 . Memory (MB): peak = 9918.238 ; gain = 0.000 ; free physical = 48361 ; free virtual = 56486
INFO: [Project 1-111] Unisim Transformation Summary:
  A total of 96 instances were transformed.
  DSP48E1 => DSP48E2 (DSP_ALU, DSP_A_B_DATA, DSP_C_DATA, DSP_MULTIPLIER, DSP_M_DATA, DSP_OUTPUT, DSP_PREADD, DSP_PREADD_DATA): 62 instances
  DSP48E2 => DSP48E2 (DSP_ALU, DSP_A_B_DATA, DSP_C_DATA, DSP_MULTIPLIER, DSP_M_DATA, DSP_OUTPUT, DSP_PREADD, DSP_PREADD_DATA): 23 instances
  IBUF => IBUF (IBUFCTRL, INBUF): 10 instances
  IBUFDS => IBUFDS (DIFFINBUF, IBUFCTRL): 1 instance 

open_run: Time (s): cpu = 00:00:46 ; elapsed = 00:00:35 . Memory (MB): peak = 9970.266 ; gain = 52.027 ; free physical = 48147 ; free virtual = 56272
report_utilization -name utilization_1
report_utilization: Time (s): cpu = 00:00:19 ; elapsed = 00:00:07 . Memory (MB): peak = 9993.555 ; gain = 23.289 ; free physical = 47915 ; free virtual = 56040
WARNING: [IP_Flow 19-4318] IP-XACT file does not exist: /home/caohy/work/Kalman/vivado_hls/KalmanFilter/KalmanHls/KalmanHls/solution2/impl/ip/component.xml. It will be created.
update_ip_catalog -rebuild -scan_changes
INFO: [IP_Flow 19-234] Refreshing IP repositories
WARNING: [IP_Flow 19-2248] Failed to load user IP repository '/home/caohy/work/Kalman/vivado_hls/KalmanFilter/KalmanHls/KalmanHls/solution2/impl/ip'; Can't find the specified path.
If this directory should no longer be in your list of user repositories, go to the IP Settings dialog and remove it.
WARNING: [IP_Flow 19-3899] Cannot get the environment domain name variable for the component vendor name. Setting the vendor name to 'user.org'.
report_ip_status -name ip_status
WARNING: [IP_Flow 19-3899] Cannot get the environment domain name variable for the component vendor name. Setting the vendor name to 'user.org'.
WARNING: [IP_Flow 19-3899] Cannot get the environment domain name variable for the component vendor name. Setting the vendor name to 'user.org'.
WARNING: [filemgmt 56-199] Attempt to get parsing info during refresh. "On-the-fly" syntax checking information may be incorrect. [/home/caohy/work/Kalman/vivado/KalmanIPExample/KalmanIPExample.srcs/sources_1/new/KalmanIPExample.sv:]
WARNING: [filemgmt 56-199] Attempt to get parsing info during refresh. "On-the-fly" syntax checking information may be incorrect. [/home/caohy/work/Kalman/vivado/KalmanIPExample/KalmanIPExample.srcs/sources_1/ip/CarrierTracking_0/synth/CarrierTracking_0.v:]
WARNING: [filemgmt 56-199] Attempt to get parsing info during refresh. "On-the-fly" syntax checking information may be incorrect. [/home/caohy/work/Kalman/vivado/KalmanIPExample/KalmanIPExample.srcs/sources_1/ip/clk_wiz_0/clk_wiz_0.v:]
WARNING: [IP_Flow 19-3899] Cannot get the environment domain name variable for the component vendor name. Setting the vendor name to 'user.org'.
WARNING: [filemgmt 56-199] Attempt to get parsing info during refresh. "On-the-fly" syntax checking information may be incorrect. [/home/caohy/work/Kalman/vivado/KalmanIPExample/KalmanIPExample.srcs/sources_1/new/KalmanIPExample.sv:]
WARNING: [filemgmt 56-199] Attempt to get parsing info during refresh. "On-the-fly" syntax checking information may be incorrect. [/home/caohy/work/Kalman/vivado/KalmanIPExample/KalmanIPExample.srcs/sources_1/ip/CarrierTracking_0/synth/CarrierTracking_0.v:]
WARNING: [filemgmt 56-199] Attempt to get parsing info during refresh. "On-the-fly" syntax checking information may be incorrect. [/home/caohy/work/Kalman/vivado/KalmanIPExample/KalmanIPExample.srcs/sources_1/ip/clk_wiz_0/clk_wiz_0.v:]
WARNING: [IP_Flow 19-3899] Cannot get the environment domain name variable for the component vendor name. Setting the vendor name to 'user.org'.
update_ip_catalog -rebuild
INFO: [IP_Flow 19-234] Refreshing IP repositories
INFO: [IP_Flow 19-1700] Loaded user IP repository '/home/caohy/work/Kalman/vivado_hls/KalmanFilter/KalmanHls/KalmanHls/solution2/impl/ip'.
WARNING: [IP_Flow 19-3899] Cannot get the environment domain name variable for the component vendor name. Setting the vendor name to 'user.org'.
WARNING: [IP_Flow 19-3899] Cannot get the environment domain name variable for the component vendor name. Setting the vendor name to 'user.org'.
WARNING: [IP_Flow 19-3899] Cannot get the environment domain name variable for the component vendor name. Setting the vendor name to 'user.org'.
create_ip -name CarrierTracking -vendor HTGD_THZ -library hls -version 1.0 -module_name CarrierTracking_1
generate_target {instantiation_template} [get_files /home/caohy/work/Kalman/vivado/KalmanIPExample/KalmanIPExample.srcs/sources_1/ip/CarrierTracking_1/CarrierTracking_1.xci]
INFO: [IP_Flow 19-1686] Generating 'Instantiation Template' target for IP 'CarrierTracking_1'...
generate_target all [get_files  /home/caohy/work/Kalman/vivado/KalmanIPExample/KalmanIPExample.srcs/sources_1/ip/CarrierTracking_1/CarrierTracking_1.xci]
INFO: [IP_Flow 19-1686] Generating 'Synthesis' target for IP 'CarrierTracking_1'...
INFO: [IP_Flow 19-1686] Generating 'Simulation' target for IP 'CarrierTracking_1'...
WARNING: [IP_Flow 19-519] IP 'CarrierTracking_1' detected a language mismatch between 'VHDL Simulation Wrapper' and 'Verilog Simulation' output products. Please check with the IP provider to see if this is expected.
INFO: [IP_Flow 19-1686] Generating 'Miscellaneous' target for IP 'CarrierTracking_1'...
catch { config_ip_cache -export [get_ips -all CarrierTracking_1] }
export_ip_user_files -of_objects [get_files /home/caohy/work/Kalman/vivado/KalmanIPExample/KalmanIPExample.srcs/sources_1/ip/CarrierTracking_1/CarrierTracking_1.xci] -no_script -sync -force -quiet
create_ip_run [get_files -of_objects [get_fileset sources_1] /home/caohy/work/Kalman/vivado/KalmanIPExample/KalmanIPExample.srcs/sources_1/ip/CarrierTracking_1/CarrierTracking_1.xci]
create_ip_run: Time (s): cpu = 00:00:37 ; elapsed = 00:00:33 . Memory (MB): peak = 10110.855 ; gain = 30.012 ; free physical = 49600 ; free virtual = 57373
launch_runs -jobs 16 CarrierTracking_1_synth_1
[Mon Aug 17 20:41:20 2020] Launched CarrierTracking_1_synth_1...
Run output will be captured here: /home/caohy/work/Kalman/vivado/KalmanIPExample/KalmanIPExample.runs/CarrierTracking_1_synth_1/runme.log
export_simulation -of_objects [get_files /home/caohy/work/Kalman/vivado/KalmanIPExample/KalmanIPExample.srcs/sources_1/ip/CarrierTracking_1/CarrierTracking_1.xci] -directory /home/caohy/work/Kalman/vivado/KalmanIPExample/KalmanIPExample.ip_user_files/sim_scripts -ip_user_files_dir /home/caohy/work/Kalman/vivado/KalmanIPExample/KalmanIPExample.ip_user_files -ipstatic_source_dir /home/caohy/work/Kalman/vivado/KalmanIPExample/KalmanIPExample.ip_user_files/ipstatic -lib_map_path [list {modelsim=/home/caohy/work/Kalman/vivado/KalmanIPExample/KalmanIPExample.cache/compile_simlib/modelsim} {questa=/home/caohy/work/Kalman/vivado/KalmanIPExample/KalmanIPExample.cache/compile_simlib/questa} {ies=/home/caohy/work/Kalman/vivado/KalmanIPExample/KalmanIPExample.cache/compile_simlib/ies} {xcelium=/home/caohy/work/Kalman/vivado/KalmanIPExample/KalmanIPExample.cache/compile_simlib/xcelium} {vcs=/home/caohy/work/Kalman/vivado/KalmanIPExample/KalmanIPExample.cache/compile_simlib/vcs} {riviera=/home/caohy/work/Kalman/vivado/KalmanIPExample/KalmanIPExample.cache/compile_simlib/riviera}] -use_ip_compiled_libs -force -quiet
export_ip_user_files -of_objects  [get_files /home/caohy/work/Kalman/vivado/KalmanIPExample/KalmanIPExample.srcs/sources_1/ip/CarrierTracking_0/CarrierTracking_0.xci] -no_script -reset -force -quiet
remove_files  -fileset CarrierTracking_0 /home/caohy/work/Kalman/vivado/KalmanIPExample/KalmanIPExample.srcs/sources_1/ip/CarrierTracking_0/CarrierTracking_0.xci
INFO: [Project 1-386] Moving file '/home/caohy/work/Kalman/vivado/KalmanIPExample/KalmanIPExample.srcs/sources_1/ip/CarrierTracking_0/CarrierTracking_0.xci' from fileset 'CarrierTracking_0' to fileset 'sources_1'.
file delete -force /home/caohy/work/Kalman/vivado/KalmanIPExample/KalmanIPExample.srcs/sources_1/ip/CarrierTracking_0
reset_run synth_1
launch_runs impl_1 -to_step write_bitstream -jobs 16
WARNING: [Project 1-478] Design 'synth_1' is stale and will not be used when launching 'impl_1'
[Mon Aug 17 20:47:13 2020] Launched synth_1...
Run output will be captured here: /home/caohy/work/Kalman/vivado/KalmanIPExample/KalmanIPExample.runs/synth_1/runme.log
[Mon Aug 17 20:47:13 2020] Launched impl_1...
Run output will be captured here: /home/caohy/work/Kalman/vivado/KalmanIPExample/KalmanIPExample.runs/impl_1/runme.log
set_param general.maxthreads 32
32
set_property -dict [list CONFIG.USE_LOCKED {false} CONFIG.USE_RESET {false}] [get_ips clk_wiz_0]
generate_target all [get_files  /home/caohy/work/Kalman/vivado/KalmanIPExample/KalmanIPExample.srcs/sources_1/ip/clk_wiz_0/clk_wiz_0.xci]
INFO: [IP_Flow 19-1686] Generating 'Instantiation Template' target for IP 'clk_wiz_0'...
INFO: [IP_Flow 19-1686] Generating 'Synthesis' target for IP 'clk_wiz_0'...
INFO: [IP_Flow 19-1686] Generating 'Simulation' target for IP 'clk_wiz_0'...
INFO: [IP_Flow 19-1686] Generating 'Implementation' target for IP 'clk_wiz_0'...
INFO: [IP_Flow 19-1686] Generating 'Change Log' target for IP 'clk_wiz_0'...
catch { config_ip_cache -export [get_ips -all clk_wiz_0] }
export_ip_user_files -of_objects [get_files /home/caohy/work/Kalman/vivado/KalmanIPExample/KalmanIPExample.srcs/sources_1/ip/clk_wiz_0/clk_wiz_0.xci] -no_script -sync -force -quiet
reset_run clk_wiz_0_synth_1
launch_runs -jobs 16 clk_wiz_0_synth_1
[Mon Aug 17 22:45:12 2020] Launched clk_wiz_0_synth_1...
Run output will be captured here: /home/caohy/work/Kalman/vivado/KalmanIPExample/KalmanIPExample.runs/clk_wiz_0_synth_1/runme.log
export_simulation -of_objects [get_files /home/caohy/work/Kalman/vivado/KalmanIPExample/KalmanIPExample.srcs/sources_1/ip/clk_wiz_0/clk_wiz_0.xci] -directory /home/caohy/work/Kalman/vivado/KalmanIPExample/KalmanIPExample.ip_user_files/sim_scripts -ip_user_files_dir /home/caohy/work/Kalman/vivado/KalmanIPExample/KalmanIPExample.ip_user_files -ipstatic_source_dir /home/caohy/work/Kalman/vivado/KalmanIPExample/KalmanIPExample.ip_user_files/ipstatic -lib_map_path [list {modelsim=/home/caohy/work/Kalman/vivado/KalmanIPExample/KalmanIPExample.cache/compile_simlib/modelsim} {questa=/home/caohy/work/Kalman/vivado/KalmanIPExample/KalmanIPExample.cache/compile_simlib/questa} {ies=/home/caohy/work/Kalman/vivado/KalmanIPExample/KalmanIPExample.cache/compile_simlib/ies} {xcelium=/home/caohy/work/Kalman/vivado/KalmanIPExample/KalmanIPExample.cache/compile_simlib/xcelium} {vcs=/home/caohy/work/Kalman/vivado/KalmanIPExample/KalmanIPExample.cache/compile_simlib/vcs} {riviera=/home/caohy/work/Kalman/vivado/KalmanIPExample/KalmanIPExample.cache/compile_simlib/riviera}] -use_ip_compiled_libs -force -quiet
reset_run synth_1
launch_runs impl_1 -to_step write_bitstream -jobs 16
WARNING: [Project 1-478] Design 'synth_1' is stale and will not be used when launching 'impl_1'
[Mon Aug 17 22:46:00 2020] Launched clk_wiz_0_synth_1, synth_1...
Run output will be captured here:
clk_wiz_0_synth_1: /home/caohy/work/Kalman/vivado/KalmanIPExample/KalmanIPExample.runs/clk_wiz_0_synth_1/runme.log
synth_1: /home/caohy/work/Kalman/vivado/KalmanIPExample/KalmanIPExample.runs/synth_1/runme.log
[Mon Aug 17 22:46:00 2020] Launched impl_1...
Run output will be captured here: /home/caohy/work/Kalman/vivado/KalmanIPExample/KalmanIPExample.runs/impl_1/runme.log
WARNING: [IP_Flow 19-4318] IP-XACT file does not exist: /home/caohy/work/Kalman/vivado_hls/KalmanFilter/KalmanHls/KalmanHls/solution2/impl/ip/component.xml. It will be created.
update_ip_catalog -rebuild -scan_changes
INFO: [IP_Flow 19-234] Refreshing IP repositories
WARNING: [IP_Flow 19-2248] Failed to load user IP repository '/home/caohy/work/Kalman/vivado_hls/KalmanFilter/KalmanHls/KalmanHls/solution2/impl/ip'; Can't find the specified path.
If this directory should no longer be in your list of user repositories, go to the IP Settings dialog and remove it.
WARNING: [IP_Flow 19-3899] Cannot get the environment domain name variable for the component vendor name. Setting the vendor name to 'user.org'.
report_ip_status -name ip_status
WARNING: [IP_Flow 19-3899] Cannot get the environment domain name variable for the component vendor name. Setting the vendor name to 'user.org'.
update_ip_catalog -rebuild
INFO: [IP_Flow 19-234] Refreshing IP repositories
INFO: [IP_Flow 19-1700] Loaded user IP repository '/home/caohy/work/Kalman/vivado_hls/KalmanFilter/KalmanHls/KalmanHls/solution2/impl/ip'.
WARNING: [IP_Flow 19-3899] Cannot get the environment domain name variable for the component vendor name. Setting the vendor name to 'user.org'.
WARNING: [IP_Flow 19-3899] Cannot get the environment domain name variable for the component vendor name. Setting the vendor name to 'user.org'.
WARNING: [IP_Flow 19-3899] Cannot get the environment domain name variable for the component vendor name. Setting the vendor name to 'user.org'.
create_ip -name CarrierTracking -vendor HTGD_THZ -library hls -version 1.0 -module_name CarrierTracking_thz
set_property -dict [list CONFIG.Component_Name {CarrierTracking_thz}] [get_ips CarrierTracking_thz]
WARNING: [Vivado 12-3523] Attempt to change 'Component_Name' from 'CarrierTracking_thz' to 'CarrierTracking_thz' is not allowed and is ignored.
generate_target {instantiation_template} [get_files /home/caohy/work/Kalman/vivado/KalmanIPExample/KalmanIPExample.srcs/sources_1/ip/CarrierTracking_thz/CarrierTracking_thz.xci]
INFO: [IP_Flow 19-1686] Generating 'Instantiation Template' target for IP 'CarrierTracking_thz'...
generate_target all [get_files  /home/caohy/work/Kalman/vivado/KalmanIPExample/KalmanIPExample.srcs/sources_1/ip/CarrierTracking_thz/CarrierTracking_thz.xci]
INFO: [IP_Flow 19-1686] Generating 'Synthesis' target for IP 'CarrierTracking_thz'...
INFO: [IP_Flow 19-1686] Generating 'Simulation' target for IP 'CarrierTracking_thz'...
WARNING: [IP_Flow 19-519] IP 'CarrierTracking_thz' detected a language mismatch between 'VHDL Simulation Wrapper' and 'Verilog Simulation' output products. Please check with the IP provider to see if this is expected.
INFO: [IP_Flow 19-1686] Generating 'Miscellaneous' target for IP 'CarrierTracking_thz'...
catch { config_ip_cache -export [get_ips -all CarrierTracking_thz] }
export_ip_user_files -of_objects [get_files /home/caohy/work/Kalman/vivado/KalmanIPExample/KalmanIPExample.srcs/sources_1/ip/CarrierTracking_thz/CarrierTracking_thz.xci] -no_script -sync -force -quiet
create_ip_run [get_files -of_objects [get_fileset sources_1] /home/caohy/work/Kalman/vivado/KalmanIPExample/KalmanIPExample.srcs/sources_1/ip/CarrierTracking_thz/CarrierTracking_thz.xci]
launch_runs -jobs 16 CarrierTracking_thz_synth_1
[Fri Aug 21 00:13:14 2020] Launched CarrierTracking_thz_synth_1...
Run output will be captured here: /home/caohy/work/Kalman/vivado/KalmanIPExample/KalmanIPExample.runs/CarrierTracking_thz_synth_1/runme.log
export_simulation -of_objects [get_files /home/caohy/work/Kalman/vivado/KalmanIPExample/KalmanIPExample.srcs/sources_1/ip/CarrierTracking_thz/CarrierTracking_thz.xci] -directory /home/caohy/work/Kalman/vivado/KalmanIPExample/KalmanIPExample.ip_user_files/sim_scripts -ip_user_files_dir /home/caohy/work/Kalman/vivado/KalmanIPExample/KalmanIPExample.ip_user_files -ipstatic_source_dir /home/caohy/work/Kalman/vivado/KalmanIPExample/KalmanIPExample.ip_user_files/ipstatic -lib_map_path [list {modelsim=/home/caohy/work/Kalman/vivado/KalmanIPExample/KalmanIPExample.cache/compile_simlib/modelsim} {questa=/home/caohy/work/Kalman/vivado/KalmanIPExample/KalmanIPExample.cache/compile_simlib/questa} {ies=/home/caohy/work/Kalman/vivado/KalmanIPExample/KalmanIPExample.cache/compile_simlib/ies} {xcelium=/home/caohy/work/Kalman/vivado/KalmanIPExample/KalmanIPExample.cache/compile_simlib/xcelium} {vcs=/home/caohy/work/Kalman/vivado/KalmanIPExample/KalmanIPExample.cache/compile_simlib/vcs} {riviera=/home/caohy/work/Kalman/vivado/KalmanIPExample/KalmanIPExample.cache/compile_simlib/riviera}] -use_ip_compiled_libs -force -quiet
export_ip_user_files -of_objects  [get_files /home/caohy/work/Kalman/vivado/KalmanIPExample/KalmanIPExample.srcs/sources_1/ip/CarrierTracking_1/CarrierTracking_1.xci] -no_script -reset -force -quiet
remove_files  -fileset CarrierTracking_1 /home/caohy/work/Kalman/vivado/KalmanIPExample/KalmanIPExample.srcs/sources_1/ip/CarrierTracking_1/CarrierTracking_1.xci
INFO: [Project 1-386] Moving file '/home/caohy/work/Kalman/vivado/KalmanIPExample/KalmanIPExample.srcs/sources_1/ip/CarrierTracking_1/CarrierTracking_1.xci' from fileset 'CarrierTracking_1' to fileset 'sources_1'.
file delete -force /home/caohy/work/Kalman/vivado/KalmanIPExample/KalmanIPExample.srcs/sources_1/ip/CarrierTracking_1
reset all
WARNING: [Common 17-259] Unknown Tcl command 'reset all' sending command to the OS shell for execution. It is recommended to use 'exec' to send the command to the OS shell.
