#-----------------------------------------------------------
# Vivado v2019.2 (64-bit)
# SW Build 2708876 on Wed Nov  6 21:39:14 MST 2019
# IP Build 2700528 on Thu Nov  7 00:09:20 MST 2019
# Start of session at: Thu Sep 10 00:57:37 2020
# Process ID: 66568
# Current directory: /home/caohy/work/Kalman/vivado
# Command line: vivado
# Log file: /home/caohy/work/Kalman/vivado/vivado.log
# Journal file: /home/caohy/work/Kalman/vivado/vivado.jou
#-----------------------------------------------------------
start_gui
open_project /home/caohy/work/Kalman/vivado/KalmanIPExample/KalmanIPExample.xpr
Scanning sources...
Finished scanning sources
WARNING: [filemgmt 56-3] IP Repository Path: Could not find the directory '/home/caohy/work/Kalman/vivado_hls/KalmanFilter/KalmanHls/KalmanHls/solution2/impl/ip'.
INFO: [IP_Flow 19-234] Refreshing IP repositories
WARNING: [IP_Flow 19-2248] Failed to load user IP repository '/home/caohy/work/Kalman/vivado_hls/KalmanFilter/KalmanHls/KalmanHls/solution2/impl/ip'; Can't find the specified path.
If this directory should no longer be in your list of user repositories, go to the IP Settings dialog and remove it.
INFO: [IP_Flow 19-2313] Loaded Vivado IP repository '/tools/Xilinx/Vivado/2019.2/data/ip'.
WARNING: [IP_Flow 19-2162] IP 'CarrierTracker' is locked:
* IP definition 'CarrierTracking (1.0)' for IP 'CarrierTracker' (customized with software release 2019.2) was not found in the IP Catalog.
open_project: Time (s): cpu = 00:00:13 ; elapsed = 00:00:06 . Memory (MB): peak = 6755.359 ; gain = 213.000 ; free physical = 47958 ; free virtual = 59773
update_compile_order -fileset sources_1
WARNING: [IP_Flow 19-3899] Cannot get the environment domain name variable for the component vendor name. Setting the vendor name to 'user.org'.
WARNING: [IP_Flow 19-3899] Cannot get the environment domain name variable for the component vendor name. Setting the vendor name to 'user.org'.
update_ip_catalog -rebuild
INFO: [IP_Flow 19-234] Refreshing IP repositories
WARNING: [IP_Flow 19-2248] Failed to load user IP repository '/home/caohy/work/Kalman/vivado_hls/KalmanFilter/KalmanHls/KalmanHls/solution2/impl/ip'; Can't find the specified path.
If this directory should no longer be in your list of user repositories, go to the IP Settings dialog and remove it.
WARNING: [IP_Flow 19-3899] Cannot get the environment domain name variable for the component vendor name. Setting the vendor name to 'user.org'.
update_ip_catalog -rebuild
INFO: [IP_Flow 19-234] Refreshing IP repositories
INFO: [IP_Flow 19-1700] Loaded user IP repository '/home/caohy/work/Kalman/vivado_hls/KalmanFilter/KalmanHls/KalmanHls/solution2/impl/ip'.
WARNING: [IP_Flow 19-3899] Cannot get the environment domain name variable for the component vendor name. Setting the vendor name to 'user.org'.
WARNING: [IP_Flow 19-3899] Cannot get the environment domain name variable for the component vendor name. Setting the vendor name to 'user.org'.
WARNING: [IP_Flow 19-3899] Cannot get the environment domain name variable for the component vendor name. Setting the vendor name to 'user.org'.
WARNING: [IP_Flow 19-3899] Cannot get the environment domain name variable for the component vendor name. Setting the vendor name to 'user.org'.
update_ip_catalog -rebuild
INFO: [IP_Flow 19-234] Refreshing IP repositories
INFO: [IP_Flow 19-1700] Loaded user IP repository '/home/caohy/work/Kalman/vivado_hls/KalmanFilter/KalmanHls/KalmanHls/solution2/impl/ip'.
WARNING: [IP_Flow 19-3899] Cannot get the environment domain name variable for the component vendor name. Setting the vendor name to 'user.org'.
WARNING: [IP_Flow 19-3899] Cannot get the environment domain name variable for the component vendor name. Setting the vendor name to 'user.org'.
WARNING: [IP_Flow 19-3899] Cannot get the environment domain name variable for the component vendor name. Setting the vendor name to 'user.org'.
create_ip -name CarrierTracking -vendor THZ -library hls -version 1.0 -module_name CarrierTrack
set_property -dict [list CONFIG.Component_Name {CarrierTrack}] [get_ips CarrierTrack]
WARNING: [Vivado 12-3523] Attempt to change 'Component_Name' from 'CarrierTrack' to 'CarrierTrack' is not allowed and is ignored.
generate_target {instantiation_template} [get_files /home/caohy/work/Kalman/vivado/KalmanIPExample/KalmanIPExample.srcs/sources_1/ip/CarrierTrack/CarrierTrack.xci]
INFO: [IP_Flow 19-1686] Generating 'Instantiation Template' target for IP 'CarrierTrack'...
generate_target all [get_files  /home/caohy/work/Kalman/vivado/KalmanIPExample/KalmanIPExample.srcs/sources_1/ip/CarrierTrack/CarrierTrack.xci]
INFO: [IP_Flow 19-1686] Generating 'Synthesis' target for IP 'CarrierTrack'...
INFO: [IP_Flow 19-1686] Generating 'Simulation' target for IP 'CarrierTrack'...
WARNING: [IP_Flow 19-519] IP 'CarrierTrack' detected a language mismatch between 'VHDL Simulation Wrapper' and 'Verilog Simulation' output products. Please check with the IP provider to see if this is expected.
INFO: [IP_Flow 19-1686] Generating 'Miscellaneous' target for IP 'CarrierTrack'...
catch { config_ip_cache -export [get_ips -all CarrierTrack] }
export_ip_user_files -of_objects [get_files /home/caohy/work/Kalman/vivado/KalmanIPExample/KalmanIPExample.srcs/sources_1/ip/CarrierTrack/CarrierTrack.xci] -no_script -sync -force -quiet
create_ip_run [get_files -of_objects [get_fileset sources_1] /home/caohy/work/Kalman/vivado/KalmanIPExample/KalmanIPExample.srcs/sources_1/ip/CarrierTrack/CarrierTrack.xci]
launch_runs -jobs 16 CarrierTrack_synth_1
[Thu Sep 10 01:54:01 2020] Launched CarrierTrack_synth_1...
Run output will be captured here: /home/caohy/work/Kalman/vivado/KalmanIPExample/KalmanIPExample.runs/CarrierTrack_synth_1/runme.log
export_simulation -of_objects [get_files /home/caohy/work/Kalman/vivado/KalmanIPExample/KalmanIPExample.srcs/sources_1/ip/CarrierTrack/CarrierTrack.xci] -directory /home/caohy/work/Kalman/vivado/KalmanIPExample/KalmanIPExample.ip_user_files/sim_scripts -ip_user_files_dir /home/caohy/work/Kalman/vivado/KalmanIPExample/KalmanIPExample.ip_user_files -ipstatic_source_dir /home/caohy/work/Kalman/vivado/KalmanIPExample/KalmanIPExample.ip_user_files/ipstatic -lib_map_path [list {modelsim=/home/caohy/work/Kalman/vivado/KalmanIPExample/KalmanIPExample.cache/compile_simlib/modelsim} {questa=/home/caohy/work/Kalman/vivado/KalmanIPExample/KalmanIPExample.cache/compile_simlib/questa} {ies=/home/caohy/work/Kalman/vivado/KalmanIPExample/KalmanIPExample.cache/compile_simlib/ies} {xcelium=/home/caohy/work/Kalman/vivado/KalmanIPExample/KalmanIPExample.cache/compile_simlib/xcelium} {vcs=/home/caohy/work/Kalman/vivado/KalmanIPExample/KalmanIPExample.cache/compile_simlib/vcs} {riviera=/home/caohy/work/Kalman/vivado/KalmanIPExample/KalmanIPExample.cache/compile_simlib/riviera}] -use_ip_compiled_libs -force -quiet
reset_run synth_1
launch_runs impl_1 -to_step write_bitstream -jobs 16
[Thu Sep 10 01:54:40 2020] Launched CarrierTrack_synth_1, synth_1...
Run output will be captured here:
CarrierTrack_synth_1: /home/caohy/work/Kalman/vivado/KalmanIPExample/KalmanIPExample.runs/CarrierTrack_synth_1/runme.log
synth_1: /home/caohy/work/Kalman/vivado/KalmanIPExample/KalmanIPExample.runs/synth_1/runme.log
[Thu Sep 10 01:54:40 2020] Launched impl_1...
Run output will be captured here: /home/caohy/work/Kalman/vivado/KalmanIPExample/KalmanIPExample.runs/impl_1/runme.log
export_ip_user_files -of_objects  [get_files /home/caohy/work/Kalman/vivado/KalmanIPExample/KalmanIPExample.srcs/sources_1/ip/CarrierTracker/CarrierTracker.xci] -no_script -reset -force -quiet
remove_files  -fileset CarrierTracker /home/caohy/work/Kalman/vivado/KalmanIPExample/KalmanIPExample.srcs/sources_1/ip/CarrierTracker/CarrierTracker.xci
INFO: [Project 1-386] Moving file '/home/caohy/work/Kalman/vivado/KalmanIPExample/KalmanIPExample.srcs/sources_1/ip/CarrierTracker/CarrierTracker.xci' from fileset 'CarrierTracker' to fileset 'sources_1'.
file delete -force /home/caohy/work/Kalman/vivado/KalmanIPExample/KalmanIPExample.srcs/sources_1/ip/CarrierTracker
exit
INFO: [Common 17-206] Exiting Vivado at Mon Sep 14 22:30:30 2020...
