#-----------------------------------------------------------
# Vivado v2019.2 (64-bit)
# SW Build 2708876 on Wed Nov  6 21:39:14 MST 2019
# IP Build 2700528 on Thu Nov  7 00:09:20 MST 2019
# Start of session at: Fri Aug 21 02:47:29 2020
# Process ID: 121708
# Current directory: /home/caohy/work/Kalman/vivado
# Command line: vivado
# Log file: /home/caohy/work/Kalman/vivado/vivado.log
# Journal file: /home/caohy/work/Kalman/vivado/vivado.jou
#-----------------------------------------------------------
start_gui
open_project /home/caohy/work/Kalman/vivado/KalmanIPExample/KalmanIPExample.xpr
Scanning sources...
Finished scanning sources
INFO: [IP_Flow 19-234] Refreshing IP repositories
INFO: [IP_Flow 19-1700] Loaded user IP repository '/home/caohy/work/Kalman/vivado_hls/KalmanFilter/KalmanHls/KalmanHls/solution2/impl/ip'.
INFO: [IP_Flow 19-2313] Loaded Vivado IP repository '/tools/Xilinx/Vivado/2019.2/data/ip'.
open_project: Time (s): cpu = 00:00:15 ; elapsed = 00:00:06 . Memory (MB): peak = 6733.273 ; gain = 172.371 ; free physical = 49152 ; free virtual = 59267
update_compile_order -fileset sources_1
reset_run synth_1
set_param general.maxthreads 32
32
launch_runs impl_1 -jobs 16
[Fri Aug 21 02:48:48 2020] Launched synth_1...
Run output will be captured here: /home/caohy/work/Kalman/vivado/KalmanIPExample/KalmanIPExample.runs/synth_1/runme.log
[Fri Aug 21 02:48:48 2020] Launched impl_1...
Run output will be captured here: /home/caohy/work/Kalman/vivado/KalmanIPExample/KalmanIPExample.runs/impl_1/runme.log
launch_runs impl_1 -to_step write_bitstream -jobs 16
[Fri Aug 21 04:04:09 2020] Launched impl_1...
Run output will be captured here: /home/caohy/work/Kalman/vivado/KalmanIPExample/KalmanIPExample.runs/impl_1/runme.log
WARNING: [IP_Flow 19-4318] IP-XACT file does not exist: /home/caohy/work/Kalman/vivado_hls/KalmanFilter/KalmanHls/KalmanHls/solution2/impl/ip/component.xml. It will be created.
update_ip_catalog -rebuild -scan_changes
INFO: [IP_Flow 19-234] Refreshing IP repositories
INFO: [IP_Flow 19-1700] Loaded user IP repository '/home/caohy/work/Kalman/vivado_hls/KalmanFilter/KalmanHls/KalmanHls/solution2/impl/ip'.
report_ip_status -name ip_status
WARNING: [IP_Flow 19-4318] IP-XACT file does not exist: /home/caohy/work/Kalman/vivado_hls/KalmanFilter/KalmanHls/KalmanHls/solution2/impl/ip/component.xml. It will be created.
update_ip_catalog -rebuild -scan_changes
INFO: [IP_Flow 19-234] Refreshing IP repositories
INFO: [IP_Flow 19-1700] Loaded user IP repository '/home/caohy/work/Kalman/vivado_hls/KalmanFilter/KalmanHls/KalmanHls/solution2/impl/ip'.
report_ip_status -name ip_status
WARNING: [IP_Flow 19-4318] IP-XACT file does not exist: /home/caohy/work/Kalman/vivado_hls/KalmanFilter/KalmanHls/KalmanHls/solution2/impl/ip/component.xml. It will be created.
update_ip_catalog -rebuild -scan_changes
INFO: [IP_Flow 19-234] Refreshing IP repositories
INFO: [IP_Flow 19-1700] Loaded user IP repository '/home/caohy/work/Kalman/vivado_hls/KalmanFilter/KalmanHls/KalmanHls/solution2/impl/ip'.
report_ip_status -name ip_status
WARNING: [IP_Flow 19-4318] IP-XACT file does not exist: /home/caohy/work/Kalman/vivado_hls/KalmanFilter/KalmanHls/KalmanHls/solution2/impl/ip/component.xml. It will be created.
update_ip_catalog -rebuild -scan_changes
INFO: [IP_Flow 19-234] Refreshing IP repositories
WARNING: [IP_Flow 19-2248] Failed to load user IP repository '/home/caohy/work/Kalman/vivado_hls/KalmanFilter/KalmanHls/KalmanHls/solution2/impl/ip'; Can't find the specified path.
If this directory should no longer be in your list of user repositories, go to the IP Settings dialog and remove it.
report_ip_status -name ip_status
WARNING: [IP_Flow 19-3899] Cannot get the environment domain name variable for the component vendor name. Setting the vendor name to 'user.org'.
update_ip_catalog -rebuild
INFO: [IP_Flow 19-234] Refreshing IP repositories
INFO: [IP_Flow 19-1700] Loaded user IP repository '/home/caohy/work/Kalman/vivado_hls/KalmanFilter/KalmanHls/KalmanHls/solution2/impl/ip'.
WARNING: [IP_Flow 19-3899] Cannot get the environment domain name variable for the component vendor name. Setting the vendor name to 'user.org'.
WARNING: [IP_Flow 19-3899] Cannot get the environment domain name variable for the component vendor name. Setting the vendor name to 'user.org'.
WARNING: [IP_Flow 19-3899] Cannot get the environment domain name variable for the component vendor name. Setting the vendor name to 'user.org'.
create_ip -name CarrierTracking -vendor HTGD_THZ -library hls -version 1.0 -module_name CarrierTrack
set_property -dict [list CONFIG.Component_Name {CarrierTrack}] [get_ips CarrierTrack]
WARNING: [Vivado 12-3523] Attempt to change 'Component_Name' from 'CarrierTrack' to 'CarrierTrack' is not allowed and is ignored.
generate_target {instantiation_template} [get_files /home/caohy/work/Kalman/vivado/KalmanIPExample/KalmanIPExample.srcs/sources_1/ip/CarrierTrack/CarrierTrack.xci]
INFO: [IP_Flow 19-1686] Generating 'Instantiation Template' target for IP 'CarrierTrack'...
update_compile_order -fileset sources_1
generate_target all [get_files  /home/caohy/work/Kalman/vivado/KalmanIPExample/KalmanIPExample.srcs/sources_1/ip/CarrierTrack/CarrierTrack.xci]
INFO: [IP_Flow 19-1686] Generating 'Synthesis' target for IP 'CarrierTrack'...
INFO: [IP_Flow 19-1686] Generating 'Simulation' target for IP 'CarrierTrack'...
WARNING: [IP_Flow 19-519] IP 'CarrierTrack' detected a language mismatch between 'VHDL Simulation Wrapper' and 'Verilog Simulation' output products. Please check with the IP provider to see if this is expected.
INFO: [IP_Flow 19-1686] Generating 'Miscellaneous' target for IP 'CarrierTrack'...
catch { config_ip_cache -export [get_ips -all CarrierTrack] }
export_ip_user_files -of_objects [get_files /home/caohy/work/Kalman/vivado/KalmanIPExample/KalmanIPExample.srcs/sources_1/ip/CarrierTrack/CarrierTrack.xci] -no_script -sync -force -quiet
create_ip_run [get_files -of_objects [get_fileset sources_1] /home/caohy/work/Kalman/vivado/KalmanIPExample/KalmanIPExample.srcs/sources_1/ip/CarrierTrack/CarrierTrack.xci]
launch_runs -jobs 16 CarrierTrack_synth_1
[Mon Aug 31 22:30:36 2020] Launched CarrierTrack_synth_1...
Run output will be captured here: /home/caohy/work/Kalman/vivado/KalmanIPExample/KalmanIPExample.runs/CarrierTrack_synth_1/runme.log
export_simulation -of_objects [get_files /home/caohy/work/Kalman/vivado/KalmanIPExample/KalmanIPExample.srcs/sources_1/ip/CarrierTrack/CarrierTrack.xci] -directory /home/caohy/work/Kalman/vivado/KalmanIPExample/KalmanIPExample.ip_user_files/sim_scripts -ip_user_files_dir /home/caohy/work/Kalman/vivado/KalmanIPExample/KalmanIPExample.ip_user_files -ipstatic_source_dir /home/caohy/work/Kalman/vivado/KalmanIPExample/KalmanIPExample.ip_user_files/ipstatic -lib_map_path [list {modelsim=/home/caohy/work/Kalman/vivado/KalmanIPExample/KalmanIPExample.cache/compile_simlib/modelsim} {questa=/home/caohy/work/Kalman/vivado/KalmanIPExample/KalmanIPExample.cache/compile_simlib/questa} {ies=/home/caohy/work/Kalman/vivado/KalmanIPExample/KalmanIPExample.cache/compile_simlib/ies} {xcelium=/home/caohy/work/Kalman/vivado/KalmanIPExample/KalmanIPExample.cache/compile_simlib/xcelium} {vcs=/home/caohy/work/Kalman/vivado/KalmanIPExample/KalmanIPExample.cache/compile_simlib/vcs} {riviera=/home/caohy/work/Kalman/vivado/KalmanIPExample/KalmanIPExample.cache/compile_simlib/riviera}] -use_ip_compiled_libs -force -quiet
export_ip_user_files -of_objects  [get_files /home/caohy/work/Kalman/vivado/KalmanIPExample/KalmanIPExample.srcs/sources_1/ip/CarrierTracking_thz/CarrierTracking_thz.xci] -no_script -reset -force -quiet
remove_files  -fileset CarrierTracking_thz /home/caohy/work/Kalman/vivado/KalmanIPExample/KalmanIPExample.srcs/sources_1/ip/CarrierTracking_thz/CarrierTracking_thz.xci
INFO: [Project 1-386] Moving file '/home/caohy/work/Kalman/vivado/KalmanIPExample/KalmanIPExample.srcs/sources_1/ip/CarrierTracking_thz/CarrierTracking_thz.xci' from fileset 'CarrierTracking_thz' to fileset 'sources_1'.
file delete -force /home/caohy/work/Kalman/vivado/KalmanIPExample/KalmanIPExample.srcs/sources_1/ip/CarrierTracking_thz
reset_run impl_1
reset_run synth_1
set_param general.maxthreads 32
32
launch_runs impl_1 -jobs 16
[Mon Aug 31 23:08:47 2020] Launched synth_1...
Run output will be captured here: /home/caohy/work/Kalman/vivado/KalmanIPExample/KalmanIPExample.runs/synth_1/runme.log
[Mon Aug 31 23:08:47 2020] Launched impl_1...
Run output will be captured here: /home/caohy/work/Kalman/vivado/KalmanIPExample/KalmanIPExample.runs/impl_1/runme.log
launch_runs impl_1 -to_step write_bitstream -jobs 16
[Mon Aug 31 23:22:40 2020] Launched impl_1...
Run output will be captured here: /home/caohy/work/Kalman/vivado/KalmanIPExample/KalmanIPExample.runs/impl_1/runme.log
reset_run impl_1 -prev_step 
launch_runs impl_1 -to_step write_bitstream -jobs 16
[Tue Sep  1 22:47:33 2020] Launched impl_1...
Run output will be captured here: /home/caohy/work/Kalman/vivado/KalmanIPExample/KalmanIPExample.runs/impl_1/runme.log
set_param general.maxthreads 32
32
WARNING: [IP_Flow 19-4318] IP-XACT file does not exist: /home/caohy/work/Kalman/vivado_hls/KalmanFilter/KalmanHls/KalmanHls/solution2/impl/ip/component.xml. It will be created.
update_ip_catalog -rebuild -scan_changes
INFO: [IP_Flow 19-234] Refreshing IP repositories
WARNING: [IP_Flow 19-2248] Failed to load user IP repository '/home/caohy/work/Kalman/vivado_hls/KalmanFilter/KalmanHls/KalmanHls/solution2/impl/ip'; Can't find the specified path.
If this directory should no longer be in your list of user repositories, go to the IP Settings dialog and remove it.
WARNING: [IP_Flow 19-3899] Cannot get the environment domain name variable for the component vendor name. Setting the vendor name to 'user.org'.
report_ip_status -name ip_status
WARNING: [IP_Flow 19-3899] Cannot get the environment domain name variable for the component vendor name. Setting the vendor name to 'user.org'.
update_ip_catalog -rebuild
INFO: [IP_Flow 19-234] Refreshing IP repositories
INFO: [IP_Flow 19-1700] Loaded user IP repository '/home/caohy/work/Kalman/vivado_hls/KalmanFilter/KalmanHls/KalmanHls/solution2/impl/ip'.
WARNING: [IP_Flow 19-3899] Cannot get the environment domain name variable for the component vendor name. Setting the vendor name to 'user.org'.
WARNING: [IP_Flow 19-3899] Cannot get the environment domain name variable for the component vendor name. Setting the vendor name to 'user.org'.
create_ip -name CarrierTracking -vendor HTGD_THZ -library hls -version 1.0 -module_name CarrierTracker
set_property -dict [list CONFIG.Component_Name {CarrierTracker}] [get_ips CarrierTracker]
WARNING: [Vivado 12-3523] Attempt to change 'Component_Name' from 'CarrierTracker' to 'CarrierTracker' is not allowed and is ignored.
generate_target {instantiation_template} [get_files /home/caohy/work/Kalman/vivado/KalmanIPExample/KalmanIPExample.srcs/sources_1/ip/CarrierTracker/CarrierTracker.xci]
INFO: [IP_Flow 19-1686] Generating 'Instantiation Template' target for IP 'CarrierTracker'...
update_compile_order -fileset sources_1
generate_target all [get_files  /home/caohy/work/Kalman/vivado/KalmanIPExample/KalmanIPExample.srcs/sources_1/ip/CarrierTracker/CarrierTracker.xci]
INFO: [IP_Flow 19-1686] Generating 'Synthesis' target for IP 'CarrierTracker'...
INFO: [IP_Flow 19-1686] Generating 'Simulation' target for IP 'CarrierTracker'...
WARNING: [IP_Flow 19-519] IP 'CarrierTracker' detected a language mismatch between 'VHDL Simulation Wrapper' and 'Verilog Simulation' output products. Please check with the IP provider to see if this is expected.
INFO: [IP_Flow 19-1686] Generating 'Miscellaneous' target for IP 'CarrierTracker'...
catch { config_ip_cache -export [get_ips -all CarrierTracker] }
export_ip_user_files -of_objects [get_files /home/caohy/work/Kalman/vivado/KalmanIPExample/KalmanIPExample.srcs/sources_1/ip/CarrierTracker/CarrierTracker.xci] -no_script -sync -force -quiet
create_ip_run [get_files -of_objects [get_fileset sources_1] /home/caohy/work/Kalman/vivado/KalmanIPExample/KalmanIPExample.srcs/sources_1/ip/CarrierTracker/CarrierTracker.xci]
launch_runs -jobs 16 CarrierTracker_synth_1
[Sat Sep  5 02:31:48 2020] Launched CarrierTracker_synth_1...
Run output will be captured here: /home/caohy/work/Kalman/vivado/KalmanIPExample/KalmanIPExample.runs/CarrierTracker_synth_1/runme.log
export_simulation -of_objects [get_files /home/caohy/work/Kalman/vivado/KalmanIPExample/KalmanIPExample.srcs/sources_1/ip/CarrierTracker/CarrierTracker.xci] -directory /home/caohy/work/Kalman/vivado/KalmanIPExample/KalmanIPExample.ip_user_files/sim_scripts -ip_user_files_dir /home/caohy/work/Kalman/vivado/KalmanIPExample/KalmanIPExample.ip_user_files -ipstatic_source_dir /home/caohy/work/Kalman/vivado/KalmanIPExample/KalmanIPExample.ip_user_files/ipstatic -lib_map_path [list {modelsim=/home/caohy/work/Kalman/vivado/KalmanIPExample/KalmanIPExample.cache/compile_simlib/modelsim} {questa=/home/caohy/work/Kalman/vivado/KalmanIPExample/KalmanIPExample.cache/compile_simlib/questa} {ies=/home/caohy/work/Kalman/vivado/KalmanIPExample/KalmanIPExample.cache/compile_simlib/ies} {xcelium=/home/caohy/work/Kalman/vivado/KalmanIPExample/KalmanIPExample.cache/compile_simlib/xcelium} {vcs=/home/caohy/work/Kalman/vivado/KalmanIPExample/KalmanIPExample.cache/compile_simlib/vcs} {riviera=/home/caohy/work/Kalman/vivado/KalmanIPExample/KalmanIPExample.cache/compile_simlib/riviera}] -use_ip_compiled_libs -force -quiet
export_ip_user_files -of_objects  [get_files /home/caohy/work/Kalman/vivado/KalmanIPExample/KalmanIPExample.srcs/sources_1/ip/CarrierTrack/CarrierTrack.xci] -no_script -reset -force -quiet
remove_files  -fileset CarrierTrack /home/caohy/work/Kalman/vivado/KalmanIPExample/KalmanIPExample.srcs/sources_1/ip/CarrierTrack/CarrierTrack.xci
INFO: [Project 1-386] Moving file '/home/caohy/work/Kalman/vivado/KalmanIPExample/KalmanIPExample.srcs/sources_1/ip/CarrierTrack/CarrierTrack.xci' from fileset 'CarrierTrack' to fileset 'sources_1'.
file delete -force /home/caohy/work/Kalman/vivado/KalmanIPExample/KalmanIPExample.srcs/sources_1/ip/CarrierTrack
reset_run synth_1
launch_runs impl_1 -to_step write_bitstream -jobs 16
[Sat Sep  5 02:32:40 2020] Launched CarrierTracker_synth_1, synth_1...
Run output will be captured here:
CarrierTracker_synth_1: /home/caohy/work/Kalman/vivado/KalmanIPExample/KalmanIPExample.runs/CarrierTracker_synth_1/runme.log
synth_1: /home/caohy/work/Kalman/vivado/KalmanIPExample/KalmanIPExample.runs/synth_1/runme.log
[Sat Sep  5 02:32:40 2020] Launched impl_1...
Run output will be captured here: /home/caohy/work/Kalman/vivado/KalmanIPExample/KalmanIPExample.runs/impl_1/runme.log
WARNING: [IP_Flow 19-4318] IP-XACT file does not exist: /home/caohy/work/Kalman/vivado_hls/KalmanFilter/KalmanHls/KalmanHls/solution2/impl/ip/component.xml. It will be created.
update_ip_catalog -rebuild -scan_changes
INFO: [IP_Flow 19-234] Refreshing IP repositories
WARNING: [IP_Flow 19-2248] Failed to load user IP repository '/home/caohy/work/Kalman/vivado_hls/KalmanFilter/KalmanHls/KalmanHls/solution2/impl/ip'; Can't find the specified path.
If this directory should no longer be in your list of user repositories, go to the IP Settings dialog and remove it.
WARNING: [IP_Flow 19-3899] Cannot get the environment domain name variable for the component vendor name. Setting the vendor name to 'user.org'.
report_ip_status -name ip_status
WARNING: [IP_Flow 19-3899] Cannot get the environment domain name variable for the component vendor name. Setting the vendor name to 'user.org'.
update_ip_catalog -rebuild
INFO: [IP_Flow 19-234] Refreshing IP repositories
WARNING: [IP_Flow 19-2248] Failed to load user IP repository '/home/caohy/work/Kalman/vivado_hls/KalmanFilter/KalmanHls/KalmanHls/solution2/impl/ip'; Can't find the specified path.
If this directory should no longer be in your list of user repositories, go to the IP Settings dialog and remove it.
WARNING: [IP_Flow 19-3899] Cannot get the environment domain name variable for the component vendor name. Setting the vendor name to 'user.org'.
update_ip_catalog -rebuild
INFO: [IP_Flow 19-234] Refreshing IP repositories
WARNING: [IP_Flow 19-2248] Failed to load user IP repository '/home/caohy/work/Kalman/vivado_hls/KalmanFilter/KalmanHls/KalmanHls/solution2/impl/ip'; Can't find the specified path.
If this directory should no longer be in your list of user repositories, go to the IP Settings dialog and remove it.
WARNING: [IP_Flow 19-3899] Cannot get the environment domain name variable for the component vendor name. Setting the vendor name to 'user.org'.
exit
INFO: [Common 17-206] Exiting Vivado at Wed Sep  9 20:15:16 2020...
